0 silly argv { _: [ 'import' ],
0 silly argv   lernaVersion: '3.4.3',
0 silly argv   '$0': '../../.nvm/versions/node/v8.1.4/bin/lerna',
0 silly argv   dir: '/Users/BBCWood/Node/api-baby-sweep-steak/' }
1 notice cli v3.4.3
2 verbose rootPath /Users/BBCWood/dev/lerna-baby-sweep-stake
3 error Error: Command failed: git rev-parse HEAD
3 error fatal: ambiguous argument 'HEAD': unknown revision or path not in the working tree.
3 error Use '--' to separate paths from revisions, like this:
3 error 'git <command> [<revision>...] -- [<file>...]'
3 error
3 error HEAD
3 error
3 error     at makeError (/Users/BBCWood/.nvm/versions/node/v8.1.4/lib/node_modules/lerna/node_modules/execa/index.js:174:9)
3 error     at Function.module.exports.sync (/Users/BBCWood/.nvm/versions/node/v8.1.4/lib/node_modules/lerna/node_modules/execa/index.js:338:15)
3 error     at Object.execSync (/Users/BBCWood/.nvm/versions/node/v8.1.4/lib/node_modules/lerna/node_modules/@lerna/child-process/index.js:22:16)
3 error     at ImportCommand.getCurrentSHA (/Users/BBCWood/.nvm/versions/node/v8.1.4/lib/node_modules/lerna/node_modules/@lerna/import/index.js:118:34)
3 error     at ImportCommand.initialize (/Users/BBCWood/.nvm/versions/node/v8.1.4/lib/node_modules/lerna/node_modules/@lerna/import/index.js:90:31)
3 error     at Promise.resolve.then (/Users/BBCWood/.nvm/versions/node/v8.1.4/lib/node_modules/lerna/node_modules/@lerna/command/index.js:245:24)
3 error     at <anonymous>
